This is pdfTeX, Version 3.141592653-2.6-1.40.26 (MiKTeX 24.4) (preloaded format=pdflatex 2024.8.7)  8 AUG 2024 14:57
entering extended mode
 restricted \write18 enabled.
 %&-line parsing enabled.
**./main.tex
(main.tex
LaTeX2e <2024-06-01> patch level 2
L3 programming layer <2024-07-20>
(C:\Users\us62019230\AppData\Local\Programs\MiKTeX\tex/latex/base\article.cls
Document Class: article 2024/02/08 v1.4n Standard LaTeX document class
(C:\Users\us62019230\AppData\Local\Programs\MiKTeX\tex/latex/base\size12.clo
File: size12.clo 2024/02/08 v1.4n Standard LaTeX file (size option)
)
\c@part=\count194
\c@section=\count195
\c@subsection=\count196
\c@subsubsection=\count197
\c@paragraph=\count198
\c@subparagraph=\count199
\c@figure=\count266
\c@table=\count267
\abovecaptionskip=\skip49
\belowcaptionskip=\skip50
\bibindent=\dimen141
)
(C:\Users\us62019230\AppData\Local\Programs\MiKTeX\tex/latex/textpos\textpos.st
y
Package: textpos 2022/07/23 v1.10.1
Package textpos Info: choosing support for LaTeX3 on input line 60.

(C:\Users\us62019230\AppData\Local\Programs\MiKTeX\tex/latex/graphics\keyval.st
y
Package: keyval 2022/05/29 v1.15 key=value parser (DPC)
\KV@toks@=\toks17
)
\TP@textbox=\box52
\TP@holdbox=\box53
\TPHorizModule=\dimen142
\TPVertModule=\dimen143
\TP@margin=\dimen144
\TP@absmargin=\dimen145

Grid set 16 x 16 = 37.34424pt x 52.81541pt
\TPboxrulesize=\dimen146
\TP@ox=\dimen147
\TP@oy=\dimen148
\TP@tbargs=\toks18
TextBlockOrigin set to 0pt x 0pt
)
(C:\Users\us62019230\AppData\Local\Programs\MiKTeX\tex/latex/wallpaper\wallpape
r.sty
Package: wallpaper 2005/01/18, v1.01 easy wallpaper formatting (MHFW)

(C:\Users\us62019230\AppData\Local\Programs\MiKTeX\tex/latex/base\ifthen.sty
Package: ifthen 2024/03/16 v1.1e Standard LaTeX ifthen package (DPC)
)
(C:\Users\us62019230\AppData\Local\Programs\MiKTeX\tex/latex/tools\calc.sty
Package: calc 2023/07/08 v4.3 Infix arithmetic (KKT,FJ)
\calc@Acount=\count268
\calc@Bcount=\count269
\calc@Adimen=\dimen149
\calc@Bdimen=\dimen150
\calc@Askip=\skip51
\calc@Bskip=\skip52
LaTeX Info: Redefining \setlength on input line 80.
LaTeX Info: Redefining \addtolength on input line 81.
\calc@Ccount=\count270
\calc@Cskip=\skip53
)
(C:\Users\us62019230\AppData\Local\Programs\MiKTeX\tex/latex/eso-pic\eso-pic.st
y
Package: eso-pic 2023/05/03 v3.0c eso-pic (RN)
\ESO@tempdima=\dimen151
\ESO@tempdimb=\dimen152

(C:\Users\us62019230\AppData\Local\Programs\MiKTeX\tex/latex/xcolor\xcolor.sty
Package: xcolor 2023/11/15 v3.01 LaTeX color extensions (UK)

(C:\Users\us62019230\AppData\Local\Programs\MiKTeX\tex/latex/graphics-cfg\color
.cfg
File: color.cfg 2016/01/02 v1.6 sample color configuration
)
Package xcolor Info: Driver file: pdftex.def on input line 274.

(C:\Users\us62019230\AppData\Local\Programs\MiKTeX\tex/latex/graphics-def\pdfte
x.def
File: pdftex.def 2024/04/13 v1.2c Graphics/color driver for pdftex
)
(C:\Users\us62019230\AppData\Local\Programs\MiKTeX\tex/latex/graphics\mathcolor
.ltx)
Package xcolor Info: Model `cmy' substituted by `cmy0' on input line 1350.
Package xcolor Info: Model `hsb' substituted by `rgb' on input line 1354.
Package xcolor Info: Model `RGB' extended on input line 1366.
Package xcolor Info: Model `HTML' substituted by `rgb' on input line 1368.
Package xcolor Info: Model `Hsb' substituted by `hsb' on input line 1369.
Package xcolor Info: Model `tHsb' substituted by `hsb' on input line 1370.
Package xcolor Info: Model `HSB' substituted by `hsb' on input line 1371.
Package xcolor Info: Model `Gray' substituted by `gray' on input line 1372.
Package xcolor Info: Model `wave' substituted by `hsb' on input line 1373.
))
(C:\Users\us62019230\AppData\Local\Programs\MiKTeX\tex/latex/graphics\graphicx.
sty
Package: graphicx 2021/09/16 v1.2d Enhanced LaTeX Graphics (DPC,SPQR)

(C:\Users\us62019230\AppData\Local\Programs\MiKTeX\tex/latex/graphics\graphics.
sty
Package: graphics 2024/05/23 v1.4g Standard LaTeX Graphics (DPC,SPQR)

(C:\Users\us62019230\AppData\Local\Programs\MiKTeX\tex/latex/graphics\trig.sty
Package: trig 2023/12/02 v1.11 sin cos tan (DPC)
)
(C:\Users\us62019230\AppData\Local\Programs\MiKTeX\tex/latex/graphics-cfg\graph
ics.cfg
File: graphics.cfg 2016/06/04 v1.11 sample graphics configuration
)
Package graphics Info: Driver file: pdftex.def on input line 106.
)
\Gin@req@height=\dimen153
\Gin@req@width=\dimen154
)
\wpXoffset=\skip54
\wpYoffset=\skip55
\tileXoffset=\skip56
\tileYoffset=\skip57
\tilewidth=\skip58
\tileheight=\skip59
\tileX=\skip60
\tileY=\skip61
)
(C:\Users\us62019230\AppData\Local\Programs\MiKTeX\tex/latex/background\backgro
und.sty
Package: background 2014/03/04 v2.1 background material

(C:\Users\us62019230\AppData\Local\Programs\MiKTeX\tex/latex/xkeyval\xkeyval.st
y
Package: xkeyval 2022/06/16 v2.9 package option processing (HA)

(C:\Users\us62019230\AppData\Local\Programs\MiKTeX\tex/generic/xkeyval\xkeyval.
tex
(C:\Users\us62019230\AppData\Local\Programs\MiKTeX\tex/generic/xkeyval\xkvutils
.tex
\XKV@toks=\toks19
\XKV@tempa@toks=\toks20
)
\XKV@depth=\count271
File: xkeyval.tex 2014/12/03 v2.7a key=value parser (HA)
))
(C:\Users\us62019230\AppData\Local\Programs\MiKTeX\tex/latex/pgf/frontendlayer\
tikz.sty
(C:\Users\us62019230\AppData\Local\Programs\MiKTeX\tex/latex/pgf/basiclayer\pgf
.sty
(C:\Users\us62019230\AppData\Local\Programs\MiKTeX\tex/latex/pgf/utilities\pgfr
cs.sty
(C:\Users\us62019230\AppData\Local\Programs\MiKTeX\tex/generic/pgf/utilities\pg
futil-common.tex
\pgfutil@everybye=\toks21
\pgfutil@tempdima=\dimen155
\pgfutil@tempdimb=\dimen156
)
(C:\Users\us62019230\AppData\Local\Programs\MiKTeX\tex/generic/pgf/utilities\pg
futil-latex.def
\pgfutil@abb=\box54
)
(C:\Users\us62019230\AppData\Local\Programs\MiKTeX\tex/generic/pgf/utilities\pg
frcs.code.tex
(C:\Users\us62019230\AppData\Local\Programs\MiKTeX\tex/generic/pgf\pgf.revision
.tex)
Package: pgfrcs 2023-01-15 v3.1.10 (3.1.10)
))
Package: pgf 2023-01-15 v3.1.10 (3.1.10)

(C:\Users\us62019230\AppData\Local\Programs\MiKTeX\tex/latex/pgf/basiclayer\pgf
core.sty
(C:\Users\us62019230\AppData\Local\Programs\MiKTeX\tex/latex/pgf/systemlayer\pg
fsys.sty
(C:\Users\us62019230\AppData\Local\Programs\MiKTeX\tex/generic/pgf/systemlayer\
pgfsys.code.tex
Package: pgfsys 2023-01-15 v3.1.10 (3.1.10)

(C:\Users\us62019230\AppData\Local\Programs\MiKTeX\tex/generic/pgf/utilities\pg
fkeys.code.tex
\pgfkeys@pathtoks=\toks22
\pgfkeys@temptoks=\toks23

(C:\Users\us62019230\AppData\Local\Programs\MiKTeX\tex/generic/pgf/utilities\pg
fkeyslibraryfiltered.code.tex
\pgfkeys@tmptoks=\toks24
))
\pgf@x=\dimen157
\pgf@y=\dimen158
\pgf@xa=\dimen159
\pgf@ya=\dimen160
\pgf@xb=\dimen161
\pgf@yb=\dimen162
\pgf@xc=\dimen163
\pgf@yc=\dimen164
\pgf@xd=\dimen165
\pgf@yd=\dimen166
\w@pgf@writea=\write3
\r@pgf@reada=\read2
\c@pgf@counta=\count272
\c@pgf@countb=\count273
\c@pgf@countc=\count274
\c@pgf@countd=\count275
\t@pgf@toka=\toks25
\t@pgf@tokb=\toks26
\t@pgf@tokc=\toks27
\pgf@sys@id@count=\count276

(C:\Users\us62019230\AppData\Local\Programs\MiKTeX\tex/generic/pgf/systemlayer\
pgf.cfg
File: pgf.cfg 2023-01-15 v3.1.10 (3.1.10)
)
Driver file for pgf: pgfsys-pdftex.def

(C:\Users\us62019230\AppData\Local\Programs\MiKTeX\tex/generic/pgf/systemlayer\
pgfsys-pdftex.def
File: pgfsys-pdftex.def 2023-01-15 v3.1.10 (3.1.10)

(C:\Users\us62019230\AppData\Local\Programs\MiKTeX\tex/generic/pgf/systemlayer\
pgfsys-common-pdf.def
File: pgfsys-common-pdf.def 2023-01-15 v3.1.10 (3.1.10)
)))
(C:\Users\us62019230\AppData\Local\Programs\MiKTeX\tex/generic/pgf/systemlayer\
pgfsyssoftpath.code.tex
File: pgfsyssoftpath.code.tex 2023-01-15 v3.1.10 (3.1.10)
\pgfsyssoftpath@smallbuffer@items=\count277
\pgfsyssoftpath@bigbuffer@items=\count278
)
(C:\Users\us62019230\AppData\Local\Programs\MiKTeX\tex/generic/pgf/systemlayer\
pgfsysprotocol.code.tex
File: pgfsysprotocol.code.tex 2023-01-15 v3.1.10 (3.1.10)
))
(C:\Users\us62019230\AppData\Local\Programs\MiKTeX\tex/generic/pgf/basiclayer\p
gfcore.code.tex
Package: pgfcore 2023-01-15 v3.1.10 (3.1.10)

(C:\Users\us62019230\AppData\Local\Programs\MiKTeX\tex/generic/pgf/math\pgfmath
.code.tex
(C:\Users\us62019230\AppData\Local\Programs\MiKTeX\tex/generic/pgf/math\pgfmath
util.code.tex)
(C:\Users\us62019230\AppData\Local\Programs\MiKTeX\tex/generic/pgf/math\pgfmath
parser.code.tex
\pgfmath@dimen=\dimen167
\pgfmath@count=\count279
\pgfmath@box=\box55
\pgfmath@toks=\toks28
\pgfmath@stack@operand=\toks29
\pgfmath@stack@operation=\toks30
)
(C:\Users\us62019230\AppData\Local\Programs\MiKTeX\tex/generic/pgf/math\pgfmath
functions.code.tex)
(C:\Users\us62019230\AppData\Local\Programs\MiKTeX\tex/generic/pgf/math\pgfmath
functions.basic.code.tex)
(C:\Users\us62019230\AppData\Local\Programs\MiKTeX\tex/generic/pgf/math\pgfmath
functions.trigonometric.code.tex)
(C:\Users\us62019230\AppData\Local\Programs\MiKTeX\tex/generic/pgf/math\pgfmath
functions.random.code.tex)
(C:\Users\us62019230\AppData\Local\Programs\MiKTeX\tex/generic/pgf/math\pgfmath
functions.comparison.code.tex)
(C:\Users\us62019230\AppData\Local\Programs\MiKTeX\tex/generic/pgf/math\pgfmath
functions.base.code.tex)
(C:\Users\us62019230\AppData\Local\Programs\MiKTeX\tex/generic/pgf/math\pgfmath
functions.round.code.tex)
(C:\Users\us62019230\AppData\Local\Programs\MiKTeX\tex/generic/pgf/math\pgfmath
functions.misc.code.tex)
(C:\Users\us62019230\AppData\Local\Programs\MiKTeX\tex/generic/pgf/math\pgfmath
functions.integerarithmetics.code.tex)
(C:\Users\us62019230\AppData\Local\Programs\MiKTeX\tex/generic/pgf/math\pgfmath
calc.code.tex)
(C:\Users\us62019230\AppData\Local\Programs\MiKTeX\tex/generic/pgf/math\pgfmath
float.code.tex
\c@pgfmathroundto@lastzeros=\count280
))
(C:\Users\us62019230\AppData\Local\Programs\MiKTeX\tex/generic/pgf/math\pgfint.
code.tex)
(C:\Users\us62019230\AppData\Local\Programs\MiKTeX\tex/generic/pgf/basiclayer\p
gfcorepoints.code.tex
File: pgfcorepoints.code.tex 2023-01-15 v3.1.10 (3.1.10)
\pgf@picminx=\dimen168
\pgf@picmaxx=\dimen169
\pgf@picminy=\dimen170
\pgf@picmaxy=\dimen171
\pgf@pathminx=\dimen172
\pgf@pathmaxx=\dimen173
\pgf@pathminy=\dimen174
\pgf@pathmaxy=\dimen175
\pgf@xx=\dimen176
\pgf@xy=\dimen177
\pgf@yx=\dimen178
\pgf@yy=\dimen179
\pgf@zx=\dimen180
\pgf@zy=\dimen181
)
(C:\Users\us62019230\AppData\Local\Programs\MiKTeX\tex/generic/pgf/basiclayer\p
gfcorepathconstruct.code.tex
File: pgfcorepathconstruct.code.tex 2023-01-15 v3.1.10 (3.1.10)
\pgf@path@lastx=\dimen182
\pgf@path@lasty=\dimen183
)
(C:\Users\us62019230\AppData\Local\Programs\MiKTeX\tex/generic/pgf/basiclayer\p
gfcorepathusage.code.tex
File: pgfcorepathusage.code.tex 2023-01-15 v3.1.10 (3.1.10)
\pgf@shorten@end@additional=\dimen184
\pgf@shorten@start@additional=\dimen185
)
(C:\Users\us62019230\AppData\Local\Programs\MiKTeX\tex/generic/pgf/basiclayer\p
gfcorescopes.code.tex
File: pgfcorescopes.code.tex 2023-01-15 v3.1.10 (3.1.10)
\pgfpic=\box56
\pgf@hbox=\box57
\pgf@layerbox@main=\box58
\pgf@picture@serial@count=\count281
)
(C:\Users\us62019230\AppData\Local\Programs\MiKTeX\tex/generic/pgf/basiclayer\p
gfcoregraphicstate.code.tex
File: pgfcoregraphicstate.code.tex 2023-01-15 v3.1.10 (3.1.10)
\pgflinewidth=\dimen186
)
(C:\Users\us62019230\AppData\Local\Programs\MiKTeX\tex/generic/pgf/basiclayer\p
gfcoretransformations.code.tex
File: pgfcoretransformations.code.tex 2023-01-15 v3.1.10 (3.1.10)
\pgf@pt@x=\dimen187
\pgf@pt@y=\dimen188
\pgf@pt@temp=\dimen189
)
(C:\Users\us62019230\AppData\Local\Programs\MiKTeX\tex/generic/pgf/basiclayer\p
gfcorequick.code.tex
File: pgfcorequick.code.tex 2023-01-15 v3.1.10 (3.1.10)
)
(C:\Users\us62019230\AppData\Local\Programs\MiKTeX\tex/generic/pgf/basiclayer\p
gfcoreobjects.code.tex
File: pgfcoreobjects.code.tex 2023-01-15 v3.1.10 (3.1.10)
)
(C:\Users\us62019230\AppData\Local\Programs\MiKTeX\tex/generic/pgf/basiclayer\p
gfcorepathprocessing.code.tex
File: pgfcorepathprocessing.code.tex 2023-01-15 v3.1.10 (3.1.10)
)
(C:\Users\us62019230\AppData\Local\Programs\MiKTeX\tex/generic/pgf/basiclayer\p
gfcorearrows.code.tex
File: pgfcorearrows.code.tex 2023-01-15 v3.1.10 (3.1.10)
\pgfarrowsep=\dimen190
)
(C:\Users\us62019230\AppData\Local\Programs\MiKTeX\tex/generic/pgf/basiclayer\p
gfcoreshade.code.tex
File: pgfcoreshade.code.tex 2023-01-15 v3.1.10 (3.1.10)
\pgf@max=\dimen191
\pgf@sys@shading@range@num=\count282
\pgf@shadingcount=\count283
)
(C:\Users\us62019230\AppData\Local\Programs\MiKTeX\tex/generic/pgf/basiclayer\p
gfcoreimage.code.tex
File: pgfcoreimage.code.tex 2023-01-15 v3.1.10 (3.1.10)
)
(C:\Users\us62019230\AppData\Local\Programs\MiKTeX\tex/generic/pgf/basiclayer\p
gfcoreexternal.code.tex
File: pgfcoreexternal.code.tex 2023-01-15 v3.1.10 (3.1.10)
\pgfexternal@startupbox=\box59
)
(C:\Users\us62019230\AppData\Local\Programs\MiKTeX\tex/generic/pgf/basiclayer\p
gfcorelayers.code.tex
File: pgfcorelayers.code.tex 2023-01-15 v3.1.10 (3.1.10)
)
(C:\Users\us62019230\AppData\Local\Programs\MiKTeX\tex/generic/pgf/basiclayer\p
gfcoretransparency.code.tex
File: pgfcoretransparency.code.tex 2023-01-15 v3.1.10 (3.1.10)
)
(C:\Users\us62019230\AppData\Local\Programs\MiKTeX\tex/generic/pgf/basiclayer\p
gfcorepatterns.code.tex
File: pgfcorepatterns.code.tex 2023-01-15 v3.1.10 (3.1.10)
)
(C:\Users\us62019230\AppData\Local\Programs\MiKTeX\tex/generic/pgf/basiclayer\p
gfcorerdf.code.tex
File: pgfcorerdf.code.tex 2023-01-15 v3.1.10 (3.1.10)
)))
(C:\Users\us62019230\AppData\Local\Programs\MiKTeX\tex/generic/pgf/modules\pgfm
oduleshapes.code.tex
File: pgfmoduleshapes.code.tex 2023-01-15 v3.1.10 (3.1.10)
\pgfnodeparttextbox=\box60
)
(C:\Users\us62019230\AppData\Local\Programs\MiKTeX\tex/generic/pgf/modules\pgfm
oduleplot.code.tex
File: pgfmoduleplot.code.tex 2023-01-15 v3.1.10 (3.1.10)
)
(C:\Users\us62019230\AppData\Local\Programs\MiKTeX\tex/latex/pgf/compatibility\
pgfcomp-version-0-65.sty
Package: pgfcomp-version-0-65 2023-01-15 v3.1.10 (3.1.10)
\pgf@nodesepstart=\dimen192
\pgf@nodesepend=\dimen193
)
(C:\Users\us62019230\AppData\Local\Programs\MiKTeX\tex/latex/pgf/compatibility\
pgfcomp-version-1-18.sty
Package: pgfcomp-version-1-18 2023-01-15 v3.1.10 (3.1.10)
))
(C:\Users\us62019230\AppData\Local\Programs\MiKTeX\tex/latex/pgf/utilities\pgff
or.sty
(C:\Users\us62019230\AppData\Local\Programs\MiKTeX\tex/latex/pgf/utilities\pgfk
eys.sty
(C:\Users\us62019230\AppData\Local\Programs\MiKTeX\tex/generic/pgf/utilities\pg
fkeys.code.tex))
(C:\Users\us62019230\AppData\Local\Programs\MiKTeX\tex/latex/pgf/math\pgfmath.s
ty
(C:\Users\us62019230\AppData\Local\Programs\MiKTeX\tex/generic/pgf/math\pgfmath
.code.tex))
(C:\Users\us62019230\AppData\Local\Programs\MiKTeX\tex/generic/pgf/utilities\pg
ffor.code.tex
Package: pgffor 2023-01-15 v3.1.10 (3.1.10)
\pgffor@iter=\dimen194
\pgffor@skip=\dimen195
\pgffor@stack=\toks31
\pgffor@toks=\toks32
))
(C:\Users\us62019230\AppData\Local\Programs\MiKTeX\tex/generic/pgf/frontendlaye
r/tikz\tikz.code.tex
Package: tikz 2023-01-15 v3.1.10 (3.1.10)

(C:\Users\us62019230\AppData\Local\Programs\MiKTeX\tex/generic/pgf/libraries\pg
flibraryplothandlers.code.tex
File: pgflibraryplothandlers.code.tex 2023-01-15 v3.1.10 (3.1.10)
\pgf@plot@mark@count=\count284
\pgfplotmarksize=\dimen196
)
\tikz@lastx=\dimen197
\tikz@lasty=\dimen198
\tikz@lastxsaved=\dimen199
\tikz@lastysaved=\dimen256
\tikz@lastmovetox=\dimen257
\tikz@lastmovetoy=\dimen258
\tikzleveldistance=\dimen259
\tikzsiblingdistance=\dimen260
\tikz@figbox=\box61
\tikz@figbox@bg=\box62
\tikz@tempbox=\box63
\tikz@tempbox@bg=\box64
\tikztreelevel=\count285
\tikznumberofchildren=\count286
\tikznumberofcurrentchild=\count287
\tikz@fig@count=\count288

(C:\Users\us62019230\AppData\Local\Programs\MiKTeX\tex/generic/pgf/modules\pgfm
odulematrix.code.tex
File: pgfmodulematrix.code.tex 2023-01-15 v3.1.10 (3.1.10)
\pgfmatrixcurrentrow=\count289
\pgfmatrixcurrentcolumn=\count290
\pgf@matrix@numberofcolumns=\count291
)
\tikz@expandcount=\count292

(C:\Users\us62019230\AppData\Local\Programs\MiKTeX\tex/generic/pgf/frontendlaye
r/tikz/libraries\tikzlibrarytopaths.code.tex
File: tikzlibrarytopaths.code.tex 2023-01-15 v3.1.10 (3.1.10)
)))
(C:\Users\us62019230\AppData\Local\Programs\MiKTeX\tex/latex/everypage\everypag
e.sty
Package: everypage 2020/10/17 R2.0b Hooks to run on every page


Package everypage Warning: Functionality similar to this package has recently
(everypage)                been implemented in LaTeX. This package is now in
(everypage)                legacy status.
(everypage)                Please, don't use it in new documents and packages.


Package everypage Warning: You appear to be running a version of LaTeX
(everypage)                providing the new functionality.
(everypage)                Doing the best to deliver the original `everypage`
(everypage)                interface on top of it. Strict equivalence is
(everypage)                not possible, breakage may occur.
(everypage)                If truly needed, Use `everypage-1x` to force the
(everypage)                loading of an older code base.

)
(C:\Users\us62019230\AppData\Local\Programs\MiKTeX\tex/latex/tools\afterpage.st
y
Package: afterpage 2023/07/04 v1.08 After-Page Package (DPC)
\AP@output=\toks33
\AP@partial=\box65
\AP@footins=\box66
))
(C:\Users\us62019230\AppData\Local\Programs\MiKTeX\tex/latex/pdfpages\pdfpages.
sty
Package: pdfpages 2024/05/29 v0.6a Insert pages of external PDF documents (AM)
\AM@pagewidth=\dimen261
\AM@pageheight=\dimen262
\AM@fboxrule=\dimen263

(C:\Users\us62019230\AppData\Local\Programs\MiKTeX\tex/latex/pdfpages\pppdftex.
def
File: pppdftex.def 2024/05/29 v0.6a Pdfpages driver for pdfTeX (AM)
)
\pdfpages@includegraphics@status=\count293
\AM@pagebox=\box67
\AM@global@opts=\toks34
\AM@pagecnt=\count294
\AM@toc@title=\toks35
\AM@lof@heading=\toks36
\c@AM@survey=\count295
\AM@templatesizebox=\box68
)
(C:\Users\us62019230\AppData\Local\Programs\MiKTeX\tex/latex/psnfss\helvet.sty
Package: helvet 2020/03/25 PSNFSS-v9.3 (WaS) 
)
LaTeX Font Info:    Trying to load font information for OT1+phv on input line 9
.
(C:\Users\us62019230\AppData\Local\Programs\MiKTeX\tex/latex/psnfss\ot1phv.fd
File: ot1phv.fd 2020/03/25 scalable font definitions for OT1/phv.
)
(C:\Users\us62019230\AppData\Local\Programs\MiKTeX\tex/latex/l3backend\l3backen
d-pdftex.def
File: l3backend-pdftex.def 2024-05-08 L3 backend support: PDF output (pdfTeX)
\l__color_backend_stack_int=\count296
\l__pdf_internal_box=\box69
) (main.aux)
\openout1 = `main.aux'.

LaTeX Font Info:    Checking defaults for OML/cmm/m/it on input line 9.
LaTeX Font Info:    ... okay on input line 9.
LaTeX Font Info:    Checking defaults for OMS/cmsy/m/n on input line 9.
LaTeX Font Info:    ... okay on input line 9.
LaTeX Font Info:    Checking defaults for OT1/cmr/m/n on input line 9.
LaTeX Font Info:    ... okay on input line 9.
LaTeX Font Info:    Checking defaults for T1/cmr/m/n on input line 9.
LaTeX Font Info:    ... okay on input line 9.
LaTeX Font Info:    Checking defaults for TS1/cmr/m/n on input line 9.
LaTeX Font Info:    ... okay on input line 9.
LaTeX Font Info:    Checking defaults for OMX/cmex/m/n on input line 9.
LaTeX Font Info:    ... okay on input line 9.
LaTeX Font Info:    Checking defaults for U/cmr/m/n on input line 9.
LaTeX Font Info:    ... okay on input line 9.

(C:\Users\us62019230\AppData\Local\Programs\MiKTeX\tex/context/base/mkii\supp-p
df.mkii
[Loading MPS to PDF converter (version 2006.09.02).]
\scratchcounter=\count297
\scratchdimen=\dimen264
\scratchbox=\box70
\nofMPsegments=\count298
\nofMParguments=\count299
\everyMPshowfont=\toks37
\MPscratchCnt=\count300
\MPscratchDim=\dimen265
\MPnumerator=\count301
\makeMPintoPDFobject=\count302
\everyMPtoPDFconversion=\toks38
)
(C:\Users\us62019230\AppData\Local\Programs\MiKTeX\tex/latex/epstopdf-pkg\epsto
pdf-base.sty
Package: epstopdf-base 2020-01-24 v2.11 Base part for package epstopdf
Package epstopdf-base Info: Redefining graphics rule for `.eps' on input line 4
85.

(C:\Users\us62019230\AppData\Local\Programs\MiKTeX\tex/latex/00miktex\epstopdf-
sys.cfg
File: epstopdf-sys.cfg 2021/03/18 v2.0 Configuration of epstopdf for MiKTeX
))
(C:\Users\us62019230\AppData\Local\Programs\MiKTeX\tex/latex/pdflscape\pdflscap
e.sty
Package: pdflscape 2022-10-27 v0.13 Display of landscape pages in PDF

(C:\Users\us62019230\AppData\Local\Programs\MiKTeX\tex/latex/pdflscape\pdflscap
e-nometadata.sty
Package: pdflscape-nometadata 2022-10-28 v0.13 Display of landscape pages in PD
F (HO)

(C:\Users\us62019230\AppData\Local\Programs\MiKTeX\tex/generic/iftex\iftex.sty
Package: iftex 2022/02/03 v1.0f TeX engine tests
)
(C:\Users\us62019230\AppData\Local\Programs\MiKTeX\tex/latex/graphics\lscape.st
y
Package: lscape 2020/05/28 v3.02 Landscape Pages (DPC)
)
Package pdflscape Info: Auto-detected driver: pdftex on input line 81.
))



pdfTeX warning: pdflatex.exe (file ./CelesticaFirstPage.pdf): PDF inclusion: fo
und PDF version <1.7>, but at most version <1.5> allowed
<CelesticaFirstPage.pdf, id=4, 598.235pt x 845.1575pt>
File: CelesticaFirstPage.pdf Graphic file (type pdf)
<use CelesticaFirstPage.pdf>
Package pdftex.def Info: CelesticaFirstPage.pdf  used on input line 31.
(pdftex.def)             Requested size: 597.5489pt x 844.18823pt.
[1{C:/Users/us62019230/AppData/Local/MiKTeX/fonts/map/pdftex/pdftex.map}{C:/Use
rs/us62019230/AppData/Local/Programs/MiKTeX/fonts/enc/dvips/base/8r.enc}

 <./CelesticaFirstPage.pdf>]

! LaTeX Error: \caption outside float.

See the LaTeX manual or LaTeX Companion for explanation.
Type  H <return>  for immediate help.
 ...                                              
                                                  
l.33 \caption
             {I2C 5.1 Waveform characterestics}
You're in trouble here.  Try typing  <return>  to proceed.
If that doesn't work, type  X <return>  to quit.

LaTeX Font Info:    External font `cmex10' loaded for size
(Font)              <12> on input line 35.
LaTeX Font Info:    External font `cmex10' loaded for size
(Font)              <8> on input line 35.
LaTeX Font Info:    External font `cmex10' loaded for size
(Font)              <6> on input line 35.
LaTeX Font Info:    Trying to load font information for OML+phv on input line 3
8.
(C:\Users\us62019230\AppData\Local\Programs\MiKTeX\tex/latex/psnfss\omlphv.fd
File: omlphv.fd 
)
LaTeX Font Info:    Font shape `OML/phv/m/n' in size <12> not available
(Font)              Font shape `OML/cmm/m/it' tried instead on input line 38.

Overfull \hbox (49.48355pt too wide) in paragraph at lines 35--58
[][] 
 []





pdfTeX warning: pdflatex.exe (file ./CelesticaNextPages.pdf): PDF inclusion: fo
und PDF version <1.7>, but at most version <1.5> allowed
<CelesticaNextPages.pdf, id=24, 598.235pt x 845.1575pt>
File: CelesticaNextPages.pdf Graphic file (type pdf)
<use CelesticaNextPages.pdf>
Package pdftex.def Info: CelesticaNextPages.pdf  used on input line 60.
(pdftex.def)             Requested size: 597.5489pt x 844.18823pt.
[2 <./CelesticaNextPages.pdf>]
<I2C_5.1/I2C_5.1.png, id=45, 1927.2pt x 1084.05pt>
File: I2C_5.1/I2C_5.1.png Graphic file (type png)
<use I2C_5.1/I2C_5.1.png>
Package pdftex.def Info: I2C_5.1/I2C_5.1.png  used on input line 62.
(pdftex.def)             Requested size: 341.43306pt x 192.0439pt.
<I2C_5.1/I2C_5.1DataHoldTime.png, id=46, 1927.2pt x 1084.05pt>
File: I2C_5.1/I2C_5.1DataHoldTime.png Graphic file (type png)
<use I2C_5.1/I2C_5.1DataHoldTime.png>
Package pdftex.def Info: I2C_5.1/I2C_5.1DataHoldTime.png  used on input line 63
.
(pdftex.def)             Requested size: 341.43306pt x 192.0439pt.


File: CelesticaNextPages.pdf Graphic file (type pdf)
<use CelesticaNextPages.pdf>
Package pdftex.def Info: CelesticaNextPages.pdf  used on input line 64.
(pdftex.def)             Requested size: 597.5489pt x 844.18823pt.
[3 <./I2C_5.1/I2C_5.1.png (PNG copy)> <./I2C_5.1/I2C_5.1DataHoldTime.png (PNG c
opy)>]
<I2C_5.1/I2C_5.1DataSetupTime.png, id=50, 1927.2pt x 1084.05pt>
File: I2C_5.1/I2C_5.1DataSetupTime.png Graphic file (type png)
<use I2C_5.1/I2C_5.1DataSetupTime.png>
Package pdftex.def Info: I2C_5.1/I2C_5.1DataSetupTime.png  used on input line 6
6.
(pdftex.def)             Requested size: 341.43306pt x 192.0439pt.
<I2C_5.1/I2C_5.1StartConditionHoldTime.png, id=51, 1927.2pt x 1084.05pt>
File: I2C_5.1/I2C_5.1StartConditionHoldTime.png Graphic file (type png)
<use I2C_5.1/I2C_5.1StartConditionHoldTime.png>
Package pdftex.def Info: I2C_5.1/I2C_5.1StartConditionHoldTime.png  used on inp
ut line 67.
(pdftex.def)             Requested size: 341.43306pt x 192.0439pt.


File: CelesticaNextPages.pdf Graphic file (type pdf)
<use CelesticaNextPages.pdf>
Package pdftex.def Info: CelesticaNextPages.pdf  used on input line 69.
(pdftex.def)             Requested size: 597.5489pt x 844.18823pt.
[4 <./I2C_5.1/I2C_5.1DataSetupTime.png (PNG copy)> <./I2C_5.1/I2C_5.1StartCondi
tionHoldTime.png (PNG copy)>]

! LaTeX Error: \caption outside float.

See the LaTeX manual or LaTeX Companion for explanation.
Type  H <return>  for immediate help.
 ...                                              
                                                  
l.71 \caption
             {I2C 5.2 Waveform characterestics}
You're in trouble here.  Try typing  <return>  to proceed.
If that doesn't work, type  X <return>  to quit.


Overfull \hbox (49.48355pt too wide) in paragraph at lines 73--96
[][] 
 []



File: CelesticaNextPages.pdf Graphic file (type pdf)
<use CelesticaNextPages.pdf>
Package pdftex.def Info: CelesticaNextPages.pdf  used on input line 98.
(pdftex.def)             Requested size: 597.5489pt x 844.18823pt.
[5]
<I2C_5.2/I2C_5.2.png, id=58, 1927.2pt x 1084.05pt>
File: I2C_5.2/I2C_5.2.png Graphic file (type png)
<use I2C_5.2/I2C_5.2.png>
Package pdftex.def Info: I2C_5.2/I2C_5.2.png  used on input line 100.
(pdftex.def)             Requested size: 341.43306pt x 192.0439pt.
<I2C_5.2/I2C_5.2DataHoldTime.png, id=59, 1927.2pt x 1084.05pt>
File: I2C_5.2/I2C_5.2DataHoldTime.png Graphic file (type png)
<use I2C_5.2/I2C_5.2DataHoldTime.png>
Package pdftex.def Info: I2C_5.2/I2C_5.2DataHoldTime.png  used on input line 10
1.
(pdftex.def)             Requested size: 341.43306pt x 192.0439pt.


File: CelesticaNextPages.pdf Graphic file (type pdf)
<use CelesticaNextPages.pdf>
Package pdftex.def Info: CelesticaNextPages.pdf  used on input line 102.
(pdftex.def)             Requested size: 597.5489pt x 844.18823pt.
[6 <./I2C_5.2/I2C_5.2.png (PNG copy)> <./I2C_5.2/I2C_5.2DataHoldTime.png (PNG c
opy)>]
<I2C_5.2/I2C_5.2DataSetupTime.png, id=63, 1927.2pt x 1084.05pt>
File: I2C_5.2/I2C_5.2DataSetupTime.png Graphic file (type png)
<use I2C_5.2/I2C_5.2DataSetupTime.png>
Package pdftex.def Info: I2C_5.2/I2C_5.2DataSetupTime.png  used on input line 1
04.
(pdftex.def)             Requested size: 341.43306pt x 192.0439pt.
<I2C_5.2/I2C_5.2StartConditionHoldTime.png, id=64, 1927.2pt x 1084.05pt>
File: I2C_5.2/I2C_5.2StartConditionHoldTime.png Graphic file (type png)
<use I2C_5.2/I2C_5.2StartConditionHoldTime.png>
Package pdftex.def Info: I2C_5.2/I2C_5.2StartConditionHoldTime.png  used on inp
ut line 105.
(pdftex.def)             Requested size: 341.43306pt x 192.0439pt.


File: CelesticaNextPages.pdf Graphic file (type pdf)
<use CelesticaNextPages.pdf>
Package pdftex.def Info: CelesticaNextPages.pdf  used on input line 107.
(pdftex.def)             Requested size: 597.5489pt x 844.18823pt.
[7 <./I2C_5.2/I2C_5.2DataSetupTime.png (PNG copy)> <./I2C_5.2/I2C_5.2StartCondi
tionHoldTime.png (PNG copy)>]

! LaTeX Error: \caption outside float.

See the LaTeX manual or LaTeX Companion for explanation.
Type  H <return>  for immediate help.
 ...                                              
                                                  
l.109 \caption
              {I2C 5.3 Waveform characterestics}
You're in trouble here.  Try typing  <return>  to proceed.
If that doesn't work, type  X <return>  to quit.


Overfull \hbox (49.48355pt too wide) in paragraph at lines 111--134
[][] 
 []



File: CelesticaNextPages.pdf Graphic file (type pdf)
<use CelesticaNextPages.pdf>
Package pdftex.def Info: CelesticaNextPages.pdf  used on input line 136.
(pdftex.def)             Requested size: 597.5489pt x 844.18823pt.
[8]
<I2C_5.3/I2C_5.1.png, id=72, 1927.2pt x 1084.05pt>
File: I2C_5.3/I2C_5.1.png Graphic file (type png)
<use I2C_5.3/I2C_5.1.png>
Package pdftex.def Info: I2C_5.3/I2C_5.1.png  used on input line 138.
(pdftex.def)             Requested size: 341.43306pt x 192.0439pt.
<I2C_5.3/I2C_5.1DataHoldTime.png, id=73, 1927.2pt x 1084.05pt>
File: I2C_5.3/I2C_5.1DataHoldTime.png Graphic file (type png)
<use I2C_5.3/I2C_5.1DataHoldTime.png>
Package pdftex.def Info: I2C_5.3/I2C_5.1DataHoldTime.png  used on input line 13
9.
(pdftex.def)             Requested size: 341.43306pt x 192.0439pt.


File: CelesticaNextPages.pdf Graphic file (type pdf)
<use CelesticaNextPages.pdf>
Package pdftex.def Info: CelesticaNextPages.pdf  used on input line 140.
(pdftex.def)             Requested size: 597.5489pt x 844.18823pt.
[9 <./I2C_5.3/I2C_5.1.png (PNG copy)> <./I2C_5.3/I2C_5.1DataHoldTime.png (PNG c
opy)>]
<I2C_5.3/I2C_5.1DataSetupTime.png, id=77, 1927.2pt x 1084.05pt>
File: I2C_5.3/I2C_5.1DataSetupTime.png Graphic file (type png)
<use I2C_5.3/I2C_5.1DataSetupTime.png>
Package pdftex.def Info: I2C_5.3/I2C_5.1DataSetupTime.png  used on input line 1
42.
(pdftex.def)             Requested size: 341.43306pt x 192.0439pt.
<I2C_5.3/I2C_5.1StartConditionHoldTime.png, id=78, 1927.2pt x 1084.05pt>
File: I2C_5.3/I2C_5.1StartConditionHoldTime.png Graphic file (type png)
<use I2C_5.3/I2C_5.1StartConditionHoldTime.png>
Package pdftex.def Info: I2C_5.3/I2C_5.1StartConditionHoldTime.png  used on inp
ut line 143.
(pdftex.def)             Requested size: 341.43306pt x 192.0439pt.


File: CelesticaNextPages.pdf Graphic file (type pdf)
<use CelesticaNextPages.pdf>
Package pdftex.def Info: CelesticaNextPages.pdf  used on input line 145.
(pdftex.def)             Requested size: 597.5489pt x 844.18823pt.
[10 <./I2C_5.3/I2C_5.1DataSetupTime.png (PNG copy)> <./I2C_5.3/I2C_5.1StartCond
itionHoldTime.png (PNG copy)>] (main.aux)
 ***********
LaTeX2e <2024-06-01> patch level 2
L3 programming layer <2024-07-20>
 ***********
 ) 
Here is how much of TeX's memory you used:
 13456 strings out of 473899
 283382 string characters out of 5724141
 1935960 words of memory out of 5000000
 36080 multiletter control sequences out of 15000+600000
 567043 words of font info for 53 fonts, out of 8000000 for 9000
 1141 hyphenation exceptions out of 8191
 99i,12n,101p,467b,679s stack positions out of 10000i,1000n,20000p,200000b,200000s
<C:/Users/us62019230/AppData/Local/Programs/MiKTeX/fonts/type1/public/amsfont
s/cm/cmmi12.pfb><C:/Users/us62019230/AppData/Local/Programs/MiKTeX/fonts/type1/
public/amsfonts/cm/cmmi8.pfb><C:/Users/us62019230/AppData/Local/Programs/MiKTeX
/fonts/type1/public/amsfonts/cm/cmr12.pfb><C:/Users/us62019230/AppData/Local/Pr
ograms/MiKTeX/fonts/type1/urw/helvetic/uhvb8a.pfb><C:/Users/us62019230/AppData/
Local/Programs/MiKTeX/fonts/type1/urw/helvetic/uhvr8a.pfb>
Output written on main.pdf (10 pages, 3582035 bytes).
PDF statistics:
 105 PDF objects out of 1000 (max. 8388607)
 0 named destinations out of 1000 (max. 500000)
 83 words of extra memory for PDF output out of 10000 (max. 10000000)

